<?xml version="1.0" encoding="UTF-8"?>
<testng-results skipped="0" failed="0" total="1" passed="1">
  <reporter-output>
    <line>
      <![CDATA[<a href="..\Videos\loginwithcredentials.avi" style="text-decoration: none; color: white;"><div class = cbutton>Download Video</div></a>]]>
    </line>
    <line>
      <![CDATA[<br>]]>
    </line>
    <line>
      <![CDATA[<a class="cbutton" href="..\Log.log">Click to Open Log File</a>]]>
    </line>
  </reporter-output>
  <suite name="test Suite" duration-ms="44681" started-at="2017-03-13T07:11:03Z" finished-at="2017-03-13T07:11:47Z">
    <groups>
    </groups>
    <test name="RunTests" duration-ms="44681" started-at="2017-03-13T07:11:03Z" finished-at="2017-03-13T07:11:47Z">
      <class name="com.techo2.projectx.testsuite.cases.LoginTest">
        <test-method status="PASS" signature="beforeSuite()[pri:0, instance:com.techo2.projectx.testsuite.cases.LoginTest@3f581b8c]" name="beforeSuite" is-config="true" duration-ms="25" started-at="2017-03-13T12:41:03Z" finished-at="2017-03-13T12:41:03Z">
          <reporter-output>
          </reporter-output>
        </test-method> <!-- beforeSuite -->
        <test-method status="PASS" signature="initializeBaseSetup(org.testng.ITestContext)[pri:0, instance:com.techo2.projectx.testsuite.cases.LoginTest@3f581b8c]" name="initializeBaseSetup" is-config="true" duration-ms="13239" started-at="2017-03-13T12:41:03Z" finished-at="2017-03-13T12:41:16Z">
          <params>
            <param index="0">
              <value>
                <![CDATA[org.testng.TestRunner@103c211e]]>
              </value>
            </param>
          </params>
          <reporter-output>
          </reporter-output>
        </test-method> <!-- initializeBaseSetup -->
        <test-method status="PASS" signature="loginwithcredentials()[pri:0, instance:com.techo2.projectx.testsuite.cases.LoginTest@3f581b8c]" name="loginwithcredentials" duration-ms="30913" started-at="2017-03-13T12:41:16Z" finished-at="2017-03-13T12:41:47Z">
          <reporter-output>
            <line>
              <![CDATA[<a href="..\Videos\loginwithcredentials.avi" style="text-decoration: none; color: white;"><div class = cbutton>Download Video</div></a>]]>
            </line>
          </reporter-output>
        </test-method> <!-- loginwithcredentials -->
        <test-method status="PASS" signature="CloseBrowser()[pri:0, instance:com.techo2.projectx.testsuite.cases.LoginTest@3f581b8c]" name="CloseBrowser" is-config="true" duration-ms="0" started-at="2017-03-13T12:41:47Z" finished-at="2017-03-13T12:41:47Z">
          <reporter-output>
          </reporter-output>
        </test-method> <!-- CloseBrowser -->
        <test-method status="PASS" signature="AddLogFileToReport()[pri:0, instance:com.techo2.projectx.testsuite.cases.LoginTest@3f581b8c]" name="AddLogFileToReport" is-config="true" duration-ms="1" started-at="2017-03-13T12:41:48Z" finished-at="2017-03-13T12:41:48Z">
          <reporter-output>
            <line>
              <![CDATA[<br>]]>
            </line>
            <line>
              <![CDATA[<a class="cbutton" href="..\Log.log">Click to Open Log File</a>]]>
            </line>
          </reporter-output>
        </test-method> <!-- AddLogFileToReport -->
      </class> <!-- com.techo2.projectx.testsuite.cases.LoginTest -->
    </test> <!-- RunTests -->
  </suite> <!-- test Suite -->
</testng-results>
