<?xml version="1.0" encoding="UTF-8"?>
<testng-results skipped="0" failed="0" total="1" passed="1">
  <reporter-output>
    <line>
      <![CDATA[<a href="..\Videos\loginwithcredentials.avi" style="text-decoration: none; color: white;"><div class = cbutton>Download Video</div></a>]]>
    </line>
    <line>
      <![CDATA[<br>]]>
    </line>
    <line>
      <![CDATA[<a class="cbutton" href="..\Log.log">Click to Open Log File</a>]]>
    </line>
  </reporter-output>
  <suite name="test Suite" duration-ms="32405" started-at="2017-03-01T13:39:13Z" finished-at="2017-03-01T13:39:45Z">
    <groups>
    </groups>
    <test name="RunTests" duration-ms="32405" started-at="2017-03-01T13:39:13Z" finished-at="2017-03-01T13:39:45Z">
      <class name="com.techo2.skiptaneo.testsuite.cases.LoginTest">
        <test-method status="PASS" signature="beforeSuite()[pri:0, instance:com.techo2.skiptaneo.testsuite.cases.LoginTest@707c083e]" name="beforeSuite" is-config="true" duration-ms="23" started-at="2017-03-01T19:09:13Z" finished-at="2017-03-01T19:09:13Z">
          <reporter-output>
          </reporter-output>
        </test-method> <!-- beforeSuite -->
        <test-method status="PASS" signature="initializeBaseSetup(org.testng.ITestContext)[pri:0, instance:com.techo2.skiptaneo.testsuite.cases.LoginTest@707c083e]" name="initializeBaseSetup" is-config="true" duration-ms="11971" started-at="2017-03-01T19:09:13Z" finished-at="2017-03-01T19:09:25Z">
          <params>
            <param index="0">
              <value>
                <![CDATA[org.testng.TestRunner@22eaaf30]]>
              </value>
            </param>
          </params>
          <reporter-output>
          </reporter-output>
        </test-method> <!-- initializeBaseSetup -->
        <test-method status="PASS" signature="loginwithcredentials()[pri:0, instance:com.techo2.skiptaneo.testsuite.cases.LoginTest@707c083e]" name="loginwithcredentials" duration-ms="3761" started-at="2017-03-01T19:09:25Z" finished-at="2017-03-01T19:09:28Z">
          <reporter-output>
            <line>
              <![CDATA[<a href="..\Videos\loginwithcredentials.avi" style="text-decoration: none; color: white;"><div class = cbutton>Download Video</div></a>]]>
            </line>
          </reporter-output>
        </test-method> <!-- loginwithcredentials -->
        <test-method status="PASS" signature="CloseBrowser()[pri:0, instance:com.techo2.skiptaneo.testsuite.cases.LoginTest@707c083e]" name="CloseBrowser" is-config="true" duration-ms="0" started-at="2017-03-01T19:09:45Z" finished-at="2017-03-01T19:09:45Z">
          <reporter-output>
          </reporter-output>
        </test-method> <!-- CloseBrowser -->
        <test-method status="PASS" signature="AddLogFileToReport()[pri:0, instance:com.techo2.skiptaneo.testsuite.cases.LoginTest@707c083e]" name="AddLogFileToReport" is-config="true" duration-ms="1" started-at="2017-03-01T19:09:45Z" finished-at="2017-03-01T19:09:45Z">
          <reporter-output>
            <line>
              <![CDATA[<br>]]>
            </line>
            <line>
              <![CDATA[<a class="cbutton" href="..\Log.log">Click to Open Log File</a>]]>
            </line>
          </reporter-output>
        </test-method> <!-- AddLogFileToReport -->
      </class> <!-- com.techo2.skiptaneo.testsuite.cases.LoginTest -->
    </test> <!-- RunTests -->
  </suite> <!-- test Suite -->
</testng-results>
